<?xml version="1.0" encoding="UTF-8"?>
<!-- Generated by org.testng.reporters.JUnitReportReporter -->
<testsuite hostname="masud" failures="0" tests="6" name="com.qa.TestCases.Login" time="36.298" errors="0" timestamp="2024-10-01T18:11:50 EDT" skipped="0">
  <testcase classname="com.qa.TestCases.Login" name="validlogin" time="6.157"/>
  <testcase classname="com.qa.TestCases.Login" name="validlogin" time="6.145"/>
  <testcase classname="com.qa.TestCases.Login" name="validlogin" time="5.953"/>
  <testcase classname="com.qa.TestCases.Login" name="validlogin" time="6.051"/>
  <testcase classname="com.qa.TestCases.Login" name="validlogin" time="5.930"/>
  <testcase classname="com.qa.TestCases.Login" name="invaludLogin" time="6.062"/>
</testsuite> <!-- com.qa.TestCases.Login -->
