<?xml version="1.0" encoding="UTF-8"?>
<!-- Generated by org.testng.reporters.JUnitReportReporter -->
<testsuite hostname="masud" failures="0" tests="1" name="com.qa.TestCases.Register" time="7.442" errors="0" timestamp="2024-10-01T18:11:50 EDT" skipped="0">
  <testcase classname="com.qa.TestCases.Register" name="makeRegister" time="7.442"/>
</testsuite> <!-- com.qa.TestCases.Register -->
