<?xml version="1.0" encoding="UTF-8"?>
<!-- Generated by org.testng.reporters.JUnitReportReporter -->
<testsuite hostname="masud" failures="0" tests="6" name="com.qa.TestCases.Login" time="44.512" errors="0" timestamp="2024-10-03T08:20:19 EDT" skipped="0">
  <testcase classname="com.qa.TestCases.Login" name="validlogin" time="8.453"/>
  <testcase classname="com.qa.TestCases.Login" name="validlogin" time="6.984"/>
  <testcase classname="com.qa.TestCases.Login" name="validlogin" time="8.186"/>
  <testcase classname="com.qa.TestCases.Login" name="validlogin" time="6.989"/>
  <testcase classname="com.qa.TestCases.Login" name="validlogin" time="7.031"/>
  <testcase classname="com.qa.TestCases.Login" name="invaludLogin" time="6.869"/>
</testsuite> <!-- com.qa.TestCases.Login -->
